<?xml version="1.0" encoding="UTF-8"?>
<!-- Generated by org.testng.reporters.JUnitReportReporter -->
<testsuite hostname="Infva06562" name="scripts.JXLTemplate" tests="3" failures="0" timestamp="22 Aug 2018 08:16:45 GMT" time="208.731" errors="0">
  <testcase name="xmlTest" time="74.881" classname="scripts.JXLTemplate"/>
  <testcase name="xmlTest" time="53.932" classname="scripts.JXLTemplate"/>
  <testcase name="xmlTest" time="79.918" classname="scripts.JXLTemplate"/>
</testsuite> <!-- scripts.JXLTemplate -->
