<?xml version="1.0" encoding="UTF-8"?>
<!-- Generated by org.testng.reporters.JUnitReportReporter -->
<testsuite hostname="Infva06562" name="scripts.TestNGTemplate" tests="1" failures="0" timestamp="22 Aug 2018 08:40:02 GMT" time="190.780" errors="0">
  <testcase name="Test" time="190.780" classname="scripts.TestNGTemplate"/>
</testsuite> <!-- scripts.TestNGTemplate -->
